<?xml version="1.0" encoding="UTF-8"?>
<testsuite name="com.anthra.timer.alarm.PoseGeometryTest" tests="6" skipped="0" failures="0" errors="0" timestamp="2026-08-14T17:00:56.938Z" hostname="Sumukhas-Mac-mini.local" time="0.001">
  <properties/>
  <testcase name="measuresSideViewElbowFlexionInTwoDimensions" classname="com.anthra.timer.alarm.PoseGeometryTest" time="0.001"/>
  <testcase name="measuresElbowFlexionThroughCameraDepth" classname="com.anthra.timer.alarm.PoseGeometryTest" time="0.0"/>
  <testcase name="shoulderClearanceIsNormalizedAndUnaffectedByCameraRoll" classname="com.anthra.timer.alarm.PoseGeometryTest" time="0.0"/>
  <testcase name="faceCenteringDoesNotRequireLevelShoulders" classname="com.anthra.timer.alarm.PoseGeometryTest" time="0.0"/>
  <testcase name="measuresBodyTiltFromLandscapeHorizontal" classname="com.anthra.timer.alarm.PoseGeometryTest" time="0.0"/>
  <testcase name="elbowAngleDoesNotChangeWhenThePhoneIsTilted" classname="com.anthra.timer.alarm.PoseGeometryTest" time="0.0"/>
  <system-out><![CDATA[]]></system-out>
  <system-err><![CDATA[]]></system-err>
</testsuite>
